c:\users\samir\tpv2\temp\x64\debug\vc143.pdb
c:\users\samir\tpv2\temp\x64\debug\vc143.idb
c:\users\samir\tpv2\temp\x64\debug\vector2d.obj
c:\users\samir\tpv2\temp\x64\debug\collisions.obj
c:\users\samir\tpv2\temp\x64\debug\texture.obj
c:\users\samir\tpv2\temp\x64\debug\soundeffect.obj
c:\users\samir\tpv2\temp\x64\debug\sdlutils_demo.obj
c:\users\samir\tpv2\temp\x64\debug\sdlutilserror.obj
c:\users\samir\tpv2\temp\x64\debug\sdlutils.obj
c:\users\samir\tpv2\temp\x64\debug\main.obj
c:\users\samir\tpv2\temp\x64\debug\json_demo.obj
c:\users\samir\tpv2\temp\x64\debug\jsonvalue.obj
c:\users\samir\tpv2\temp\x64\debug\json.obj
c:\users\samir\tpv2\bin\x64\debug\tpv2.exe
c:\users\samir\tpv2\bin\x64\debug\tpv2.pdb
c:\users\samir\tpv2\temp\x64\debug\tpv2.ilk
c:\users\samir\tpv2\temp\x64\debug\tpv2.vcxproj.filelistabsolute.txt
c:\users\samir\tpv2\temp\x64\debug\tpv2.tlog\cl.command.1.tlog
c:\users\samir\tpv2\temp\x64\debug\tpv2.tlog\cl.items.tlog
c:\users\samir\tpv2\temp\x64\debug\tpv2.tlog\cl.read.1.tlog
c:\users\samir\tpv2\temp\x64\debug\tpv2.tlog\cl.write.1.tlog
c:\users\samir\tpv2\temp\x64\debug\tpv2.tlog\link.command.1.tlog
c:\users\samir\tpv2\temp\x64\debug\tpv2.tlog\link.read.1.tlog
c:\users\samir\tpv2\temp\x64\debug\tpv2.tlog\link.secondary.1.tlog
c:\users\samir\tpv2\temp\x64\debug\tpv2.tlog\link.write.1.tlog
