  BounceOnBorders.cpp
  GameInfoMsgs.cpp
  GameState.cpp
C:\Users\PC de Alexia\source\repos\TPV2-Practica1\src\components\GameInfoMsgs.cpp(34,41): warning C4244: 'argumento': conversión de 'int' a 'float'; posible pérdida de datos
C:\Users\PC de Alexia\source\repos\TPV2-Practica1\src\components\GameInfoMsgs.cpp(33,46): warning C4244: 'argumento': conversión de 'int' a 'float'; posible pérdida de datos
C:\Users\PC de Alexia\source\repos\TPV2-Practica1\src\components\GameInfoMsgs.cpp(41,30): warning C4244: 'argumento': conversión de 'int' a 'float'; posible pérdida de datos
C:\Users\PC de Alexia\source\repos\TPV2-Practica1\src\components\GameInfoMsgs.cpp(40,46): warning C4244: 'argumento': conversión de 'int' a 'float'; posible pérdida de datos
C:\Users\PC de Alexia\source\repos\TPV2-Practica1\src\components\GameInfoMsgs.cpp(45,30): warning C4244: 'argumento': conversión de 'int' a 'float'; posible pérdida de datos
C:\Users\PC de Alexia\source\repos\TPV2-Practica1\src\components\GameInfoMsgs.cpp(44,46): warning C4244: 'argumento': conversión de 'int' a 'float'; posible pérdida de datos
C:\Users\PC de Alexia\source\repos\TPV2-Practica1\src\components\GameInfoMsgs.cpp(55,58): warning C4244: 'argumento': conversión de 'int' a 'float'; posible pérdida de datos
C:\Users\PC de Alexia\source\repos\TPV2-Practica1\src\components\GameState.cpp(70,28): warning C4244: 'argumento': conversión de 'int' a 'float'; posible pérdida de datos
C:\Users\PC de Alexia\source\repos\TPV2-Practica1\src\components\GameState.cpp(69,47): warning C4244: 'argumento': conversión de 'int' a 'float'; posible pérdida de datos
C:\Users\PC de Alexia\source\repos\TPV2-Practica1\src\components\GameState.cpp(80,38): warning C4244: 'argumento': conversión de 'int' a 'float'; posible pérdida de datos
C:\Users\PC de Alexia\source\repos\TPV2-Practica1\src\components\GameState.cpp(80,16): warning C4244: 'argumento': conversión de 'int' a 'float'; posible pérdida de datos
  Image.cpp
  PaddleAICtrl.cpp
  PaddleKBCtrl.cpp
  PaddleMouseCtrl.cpp
  RectangleViewer.cpp
  StopOnBorders.cpp
  EntityManager.cpp
  Game.cpp
C:\Users\PC de Alexia\source\repos\TPV2-Practica1\src\game\Game.cpp(139,20): warning C4244: 'inicializando': conversión de 'Uint64' a 'Uint32'; posible pérdida de datos
C:\Users\PC de Alexia\source\repos\TPV2-Practica1\src\game\Game.cpp(158,20): warning C4244: 'inicializando': conversión de 'Uint64' a 'Uint32'; posible pérdida de datos
  JSON.cpp
  JSONValue.cpp
  json_demo.cpp
  main.cpp
  SDLUtils.cpp
  SDLUtilsError.cpp
  sdlutils_demo.cpp
  SoundEffect.cpp
  Texture.cpp
  Generando código...
  Compilando...
  Collisions.cpp
  Vector2D.cpp
  Generando código...
  TPV2.vcxproj -> C:\Users\PC de Alexia\source\repos\TPV2-Practica1\bin\x64\Debug\TPV2.exe
