c:\users\samir\tpv2\temp\x64\release\vc143.pdb
c:\users\samir\tpv2\temp\x64\release\vector2d.obj
c:\users\samir\tpv2\temp\x64\release\collisions.obj
c:\users\samir\tpv2\temp\x64\release\texture.obj
c:\users\samir\tpv2\temp\x64\release\soundeffect.obj
c:\users\samir\tpv2\temp\x64\release\sdlutils_demo.obj
c:\users\samir\tpv2\temp\x64\release\sdlutilserror.obj
c:\users\samir\tpv2\temp\x64\release\sdlutils.obj
c:\users\samir\tpv2\temp\x64\release\main.obj
c:\users\samir\tpv2\temp\x64\release\json_demo.obj
c:\users\samir\tpv2\temp\x64\release\jsonvalue.obj
c:\users\samir\tpv2\temp\x64\release\json.obj
c:\users\samir\tpv2\bin\x64\release\tpv2.exe
c:\users\samir\tpv2\bin\x64\release\tpv2.pdb
c:\users\samir\tpv2\temp\x64\release\tpv2.ipdb
c:\users\samir\tpv2\temp\x64\release\tpv2.iobj
c:\users\samir\tpv2\temp\x64\release\tpv2.vcxproj.filelistabsolute.txt
c:\users\samir\tpv2\temp\x64\release\tpv2.tlog\cl.command.1.tlog
c:\users\samir\tpv2\temp\x64\release\tpv2.tlog\cl.items.tlog
c:\users\samir\tpv2\temp\x64\release\tpv2.tlog\cl.read.1.tlog
c:\users\samir\tpv2\temp\x64\release\tpv2.tlog\cl.write.1.tlog
c:\users\samir\tpv2\temp\x64\release\tpv2.tlog\link.command.1.tlog
c:\users\samir\tpv2\temp\x64\release\tpv2.tlog\link.read.1.tlog
c:\users\samir\tpv2\temp\x64\release\tpv2.tlog\link.secondary.1.tlog
c:\users\samir\tpv2\temp\x64\release\tpv2.tlog\link.write.1.tlog
